<?xml version="1.0" encoding="UTF-8"?>
<coverage generated="1633351737">
  <project timestamp="1633351737">
    <file name="C:\Users\Benoit\Desktop\TodoList\src\Controller\DefaultController.php">
      <class name="App\Controller\DefaultController" namespace="global">
        <metrics complexity="1" methods="1" coveredmethods="1" conditionals="0" coveredconditionals="0" statements="1" coveredstatements="1" elements="2" coveredelements="2"/>
      </class>
      <line num="14" type="method" name="index" visibility="public" complexity="1" crap="1" count="2"/>
      <line num="16" type="stmt" count="2"/>
      <metrics loc="18" ncloc="15" classes="1" methods="1" coveredmethods="1" conditionals="0" coveredconditionals="0" statements="1" coveredstatements="1" elements="2" coveredelements="2"/>
    </file>
    <file name="C:\Users\Benoit\Desktop\TodoList\src\Controller\SecurityController.php">
      <class name="App\Controller\SecurityController" namespace="global">
        <metrics complexity="3" methods="2" coveredmethods="1" conditionals="0" coveredconditionals="0" statements="8" coveredstatements="7" elements="10" coveredelements="8"/>
      </class>
      <line num="15" type="method" name="login" visibility="public" complexity="2" crap="2" count="4"/>
      <line num="17" type="stmt" count="4"/>
      <line num="18" type="stmt" count="1"/>
      <line num="22" type="stmt" count="3"/>
      <line num="24" type="stmt" count="3"/>
      <line num="26" type="stmt" count="3"/>
      <line num="27" type="stmt" count="3"/>
      <line num="28" type="stmt" count="3"/>
      <line num="35" type="method" name="logout" visibility="public" complexity="1" crap="2" count="0"/>
      <line num="37" type="stmt" count="0"/>
      <metrics loc="38" ncloc="32" classes="1" methods="2" coveredmethods="1" conditionals="0" coveredconditionals="0" statements="8" coveredstatements="7" elements="10" coveredelements="8"/>
    </file>
    <file name="C:\Users\Benoit\Desktop\TodoList\src\Controller\TaskController.php">
      <class name="App\Controller\TaskController" namespace="global">
        <metrics complexity="19" methods="6" coveredmethods="6" conditionals="0" coveredconditionals="0" statements="53" coveredstatements="53" elements="59" coveredelements="59"/>
      </class>
      <line num="17" type="method" name="__construct" visibility="public" complexity="1" crap="1" count="14"/>
      <line num="19" type="stmt" count="14"/>
      <line num="20" type="stmt" count="14"/>
      <line num="25" type="method" name="list" visibility="public" complexity="5" crap="5" count="14"/>
      <line num="27" type="stmt" count="14"/>
      <line num="28" type="stmt" count="14"/>
      <line num="29" type="stmt" count="3"/>
      <line num="31" type="stmt" count="11"/>
      <line num="32" type="stmt" count="11"/>
      <line num="33" type="stmt" count="2"/>
      <line num="34" type="stmt" count="1"/>
      <line num="35" type="stmt" count="1"/>
      <line num="36" type="stmt" count="1"/>
      <line num="38" type="stmt" count="2"/>
      <line num="41" type="stmt" count="9"/>
      <line num="45" type="stmt" count="14"/>
      <line num="51" type="method" name="create" visibility="public" complexity="3" crap="3" count="1"/>
      <line num="53" type="stmt" count="1"/>
      <line num="54" type="stmt" count="1"/>
      <line num="56" type="stmt" count="1"/>
      <line num="58" type="stmt" count="1"/>
      <line num="59" type="stmt" count="1"/>
      <line num="60" type="stmt" count="1"/>
      <line num="61" type="stmt" count="1"/>
      <line num="63" type="stmt" count="1"/>
      <line num="65" type="stmt" count="1"/>
      <line num="68" type="stmt" count="1"/>
      <line num="74" type="method" name="edit" visibility="public" complexity="4" crap="4" count="2"/>
      <line num="76" type="stmt" count="2"/>
      <line num="77" type="stmt" count="1"/>
      <line num="79" type="stmt" count="1"/>
      <line num="82" type="stmt" count="1"/>
      <line num="84" type="stmt" count="1"/>
      <line num="86" type="stmt" count="1"/>
      <line num="87" type="stmt" count="1"/>
      <line num="89" type="stmt" count="1"/>
      <line num="91" type="stmt" count="1"/>
      <line num="94" type="stmt" count="1"/>
      <line num="95" type="stmt" count="1"/>
      <line num="96" type="stmt" count="1"/>
      <line num="103" type="method" name="toggleTask" visibility="public" complexity="3" crap="3" count="3"/>
      <line num="105" type="stmt" count="3"/>
      <line num="106" type="stmt" count="1"/>
      <line num="108" type="stmt" count="1"/>
      <line num="111" type="stmt" count="2"/>
      <line num="112" type="stmt" count="2"/>
      <line num="114" type="stmt" count="2"/>
      <line num="115" type="stmt" count="1"/>
      <line num="117" type="stmt" count="1"/>
      <line num="120" type="stmt" count="2"/>
      <line num="126" type="method" name="deleteTask" visibility="public" complexity="3" crap="3" count="3"/>
      <line num="128" type="stmt" count="3"/>
      <line num="129" type="stmt" count="3"/>
      <line num="130" type="stmt" count="1"/>
      <line num="132" type="stmt" count="1"/>
      <line num="135" type="stmt" count="2"/>
      <line num="136" type="stmt" count="2"/>
      <line num="138" type="stmt" count="2"/>
      <line num="141" type="stmt" count="2"/>
      <metrics loc="143" ncloc="128" classes="1" methods="6" coveredmethods="6" conditionals="0" coveredconditionals="0" statements="53" coveredstatements="53" elements="59" coveredelements="59"/>
    </file>
    <file name="C:\Users\Benoit\Desktop\TodoList\src\Controller\UserController.php">
      <class name="App\Controller\UserController" namespace="global">
        <metrics complexity="11" methods="5" coveredmethods="5" conditionals="0" coveredconditionals="0" statements="33" coveredstatements="33" elements="38" coveredelements="38"/>
      </class>
      <line num="22" type="method" name="__construct" visibility="public" complexity="1" crap="1" count="12"/>
      <line num="24" type="stmt" count="12"/>
      <line num="25" type="stmt" count="12"/>
      <line num="26" type="stmt" count="12"/>
      <line num="31" type="method" name="list" visibility="public" complexity="1" crap="1" count="6"/>
      <line num="33" type="stmt" count="6"/>
      <line num="39" type="method" name="create" visibility="public" complexity="3" crap="3" count="4"/>
      <line num="41" type="stmt" count="4"/>
      <line num="42" type="stmt" count="4"/>
      <line num="44" type="stmt" count="4"/>
      <line num="46" type="stmt" count="4"/>
      <line num="47" type="stmt" count="1"/>
      <line num="49" type="stmt" count="1"/>
      <line num="50" type="stmt" count="1"/>
      <line num="52" type="stmt" count="1"/>
      <line num="54" type="stmt" count="1"/>
      <line num="57" type="stmt" count="4"/>
      <line num="63" type="method" name="edit" visibility="public" complexity="3" crap="3" count="5"/>
      <line num="65" type="stmt" count="5"/>
      <line num="67" type="stmt" count="5"/>
      <line num="69" type="stmt" count="5"/>
      <line num="70" type="stmt" count="1"/>
      <line num="71" type="stmt" count="1"/>
      <line num="72" type="stmt" count="1"/>
      <line num="73" type="stmt" count="1"/>
      <line num="74" type="stmt" count="1"/>
      <line num="76" type="stmt" count="1"/>
      <line num="79" type="stmt" count="5"/>
      <line num="85" type="method" name="delete" visibility="public" complexity="3" crap="3" count="2"/>
      <line num="87" type="stmt" count="2"/>
      <line num="89" type="stmt" count="2"/>
      <line num="90" type="stmt" count="2"/>
      <line num="91" type="stmt" count="2"/>
      <line num="95" type="stmt" count="2"/>
      <line num="98" type="stmt" count="2"/>
      <line num="99" type="stmt" count="2"/>
      <line num="100" type="stmt" count="2"/>
      <line num="103" type="stmt" count="2"/>
      <metrics loc="105" ncloc="93" classes="1" methods="5" coveredmethods="5" conditionals="0" coveredconditionals="0" statements="33" coveredstatements="33" elements="38" coveredelements="38"/>
    </file>
    <file name="C:\Users\Benoit\Desktop\TodoList\src\DataFixtures\UserFixtures.php">
      <class name="App\DataFixtures\UserFixtures" namespace="global">
        <metrics complexity="4" methods="2" coveredmethods="1" conditionals="0" coveredconditionals="0" statements="17" coveredstatements="2" elements="19" coveredelements="3"/>
      </class>
      <line num="15" type="method" name="__construct" visibility="public" complexity="1" crap="1" count="35"/>
      <line num="17" type="stmt" count="35"/>
      <line num="18" type="stmt" count="35"/>
      <line num="20" type="method" name="load" visibility="public" complexity="3" crap="12" count="0"/>
      <line num="22" type="stmt" count="0"/>
      <line num="93" type="stmt" count="0"/>
      <line num="94" type="stmt" count="0"/>
      <line num="95" type="stmt" count="0"/>
      <line num="96" type="stmt" count="0"/>
      <line num="97" type="stmt" count="0"/>
      <line num="98" type="stmt" count="0"/>
      <line num="100" type="stmt" count="0"/>
      <line num="101" type="stmt" count="0"/>
      <line num="102" type="stmt" count="0"/>
      <line num="103" type="stmt" count="0"/>
      <line num="104" type="stmt" count="0"/>
      <line num="107" type="stmt" count="0"/>
      <line num="109" type="stmt" count="0"/>
      <line num="110" type="stmt" count="0"/>
      <metrics loc="111" ncloc="111" classes="1" methods="2" coveredmethods="1" conditionals="0" coveredconditionals="0" statements="17" coveredstatements="2" elements="19" coveredelements="3"/>
    </file>
    <file name="C:\Users\Benoit\Desktop\TodoList\src\Entity\Task.php">
      <class name="App\Entity\Task" namespace="global">
        <metrics complexity="12" methods="12" coveredmethods="11" conditionals="0" coveredconditionals="0" statements="19" coveredstatements="18" elements="31" coveredelements="29"/>
      </class>
      <line num="49" type="method" name="__construct" visibility="public" complexity="1" crap="1" count="31"/>
      <line num="51" type="stmt" count="31"/>
      <line num="52" type="stmt" count="31"/>
      <line num="53" type="stmt" count="31"/>
      <line num="55" type="method" name="getId" visibility="public" complexity="1" crap="1" count="14"/>
      <line num="57" type="stmt" count="14"/>
      <line num="60" type="method" name="getCreatedAt" visibility="public" complexity="1" crap="2" count="0"/>
      <line num="62" type="stmt" count="0"/>
      <line num="65" type="method" name="setCreatedAt" visibility="public" complexity="1" crap="1" count="31"/>
      <line num="67" type="stmt" count="31"/>
      <line num="69" type="stmt" count="31"/>
      <line num="72" type="method" name="getTitle" visibility="public" complexity="1" crap="1" count="14"/>
      <line num="74" type="stmt" count="14"/>
      <line num="77" type="method" name="setTitle" visibility="public" complexity="1" crap="1" count="31"/>
      <line num="79" type="stmt" count="31"/>
      <line num="81" type="stmt" count="31"/>
      <line num="84" type="method" name="getContent" visibility="public" complexity="1" crap="1" count="14"/>
      <line num="86" type="stmt" count="14"/>
      <line num="89" type="method" name="setContent" visibility="public" complexity="1" crap="1" count="31"/>
      <line num="91" type="stmt" count="31"/>
      <line num="93" type="stmt" count="31"/>
      <line num="96" type="method" name="isDone" visibility="public" complexity="1" crap="1" count="14"/>
      <line num="98" type="stmt" count="14"/>
      <line num="101" type="method" name="toggle" visibility="public" complexity="1" crap="1" count="29"/>
      <line num="103" type="stmt" count="29"/>
      <line num="105" type="stmt" count="29"/>
      <line num="108" type="method" name="getUser" visibility="public" complexity="1" crap="1" count="10"/>
      <line num="110" type="stmt" count="10"/>
      <line num="113" type="method" name="setUser" visibility="public" complexity="1" crap="1" count="29"/>
      <line num="115" type="stmt" count="29"/>
      <line num="117" type="stmt" count="29"/>
      <metrics loc="119" ncloc="93" classes="1" methods="12" coveredmethods="11" conditionals="0" coveredconditionals="0" statements="19" coveredstatements="18" elements="31" coveredelements="29"/>
    </file>
    <file name="C:\Users\Benoit\Desktop\TodoList\src\Entity\User.php">
      <class name="App\Entity\User" namespace="global">
        <metrics complexity="26" methods="18" coveredmethods="17" conditionals="0" coveredconditionals="0" statements="42" coveredstatements="38" elements="60" coveredelements="55"/>
      </class>
      <line num="57" type="method" name="__construct" visibility="public" complexity="1" crap="1" count="34"/>
      <line num="59" type="stmt" count="34"/>
      <line num="60" type="stmt" count="34"/>
      <line num="62" type="method" name="getId" visibility="public" complexity="1" crap="1" count="9"/>
      <line num="64" type="stmt" count="9"/>
      <line num="70" type="method" name="getUsername" visibility="public" complexity="1" crap="1" count="14"/>
      <line num="72" type="stmt" count="14"/>
      <line num="75" type="method" name="setUsername" visibility="public" complexity="1" crap="1" count="34"/>
      <line num="77" type="stmt" count="34"/>
      <line num="79" type="stmt" count="34"/>
      <line num="87" type="method" name="getUserIdentifier" visibility="public" complexity="1" crap="1" count="28"/>
      <line num="89" type="stmt" count="28"/>
      <line num="95" type="method" name="getRoles" visibility="public" complexity="2" crap="2" count="29"/>
      <line num="97" type="stmt" count="29"/>
      <line num="98" type="stmt" count="29"/>
      <line num="99" type="stmt" count="21"/>
      <line num="102" type="stmt" count="29"/>
      <line num="105" type="method" name="setRoles" visibility="public" complexity="1" crap="1" count="29"/>
      <line num="107" type="stmt" count="29"/>
      <line num="109" type="stmt" count="29"/>
      <line num="115" type="method" name="getPassword" visibility="public" complexity="1" crap="1" count="29"/>
      <line num="117" type="stmt" count="29"/>
      <line num="120" type="method" name="setPassword" visibility="public" complexity="1" crap="1" count="34"/>
      <line num="122" type="stmt" count="34"/>
      <line num="124" type="stmt" count="34"/>
      <line num="133" type="method" name="getSalt" visibility="public" complexity="1" crap="1" count="29"/>
      <line num="135" type="stmt" count="29"/>
      <line num="141" type="method" name="eraseCredentials" visibility="public" complexity="1" crap="1" count="1"/>
      <line num="145" type="stmt" count="1"/>
      <line num="147" type="method" name="getEmail" visibility="public" complexity="1" crap="1" count="14"/>
      <line num="149" type="stmt" count="14"/>
      <line num="152" type="method" name="setEmail" visibility="public" complexity="1" crap="1" count="34"/>
      <line num="154" type="stmt" count="34"/>
      <line num="156" type="stmt" count="34"/>
      <line num="162" type="method" name="getTasks" visibility="public" complexity="1" crap="1" count="29"/>
      <line num="164" type="stmt" count="29"/>
      <line num="167" type="method" name="addTask" visibility="public" complexity="2" crap="2" count="29"/>
      <line num="169" type="stmt" count="29"/>
      <line num="170" type="stmt" count="29"/>
      <line num="171" type="stmt" count="29"/>
      <line num="174" type="stmt" count="29"/>
      <line num="177" type="method" name="removeTask" visibility="public" complexity="3" crap="12" count="0"/>
      <line num="179" type="stmt" count="0"/>
      <line num="181" type="stmt" count="0"/>
      <line num="182" type="stmt" count="0"/>
      <line num="186" type="stmt" count="0"/>
      <line num="189" type="method" name="getDoneTasks" visibility="public" complexity="3" crap="3" count="1"/>
      <line num="191" type="stmt" count="1"/>
      <line num="192" type="stmt" count="1"/>
      <line num="193" type="stmt" count="1"/>
      <line num="194" type="stmt" count="1"/>
      <line num="195" type="stmt" count="1"/>
      <line num="199" type="stmt" count="1"/>
      <line num="202" type="method" name="getNotDoneTasks" visibility="public" complexity="3" crap="3" count="1"/>
      <line num="204" type="stmt" count="1"/>
      <line num="205" type="stmt" count="1"/>
      <line num="206" type="stmt" count="1"/>
      <line num="207" type="stmt" count="1"/>
      <line num="208" type="stmt" count="1"/>
      <line num="212" type="stmt" count="1"/>
      <metrics loc="214" ncloc="158" classes="1" methods="18" coveredmethods="17" conditionals="0" coveredconditionals="0" statements="42" coveredstatements="38" elements="60" coveredelements="55"/>
    </file>
    <file name="C:\Users\Benoit\Desktop\TodoList\src\Form\TaskType.php">
      <class name="App\Form\TaskType" namespace="global">
        <metrics complexity="2" methods="2" coveredmethods="2" conditionals="0" coveredconditionals="0" statements="6" coveredstatements="6" elements="8" coveredelements="8"/>
      </class>
      <line num="13" type="method" name="buildForm" visibility="public" complexity="1" crap="1" count="2"/>
      <line num="16" type="stmt" count="2"/>
      <line num="17" type="stmt" count="2"/>
      <line num="20" type="stmt" count="2"/>
      <line num="22" type="method" name="configureOptions" visibility="public" complexity="1" crap="1" count="2"/>
      <line num="24" type="stmt" count="2"/>
      <line num="25" type="stmt" count="2"/>
      <line num="27" type="stmt" count="2"/>
      <metrics loc="28" ncloc="28" classes="1" methods="2" coveredmethods="2" conditionals="0" coveredconditionals="0" statements="6" coveredstatements="6" elements="8" coveredelements="8"/>
    </file>
    <file name="C:\Users\Benoit\Desktop\TodoList\src\Form\UserType.php">
      <class name="App\Form\UserType" namespace="global">
        <metrics complexity="2" methods="2" coveredmethods="2" conditionals="0" coveredconditionals="0" statements="10" coveredstatements="10" elements="12" coveredelements="12"/>
      </class>
      <line num="17" type="method" name="buildForm" visibility="public" complexity="1" crap="1" count="9"/>
      <line num="20" type="stmt" count="9"/>
      <line num="21" type="stmt" count="9"/>
      <line num="23" type="stmt" count="9"/>
      <line num="29" type="stmt" count="9"/>
      <line num="30" type="stmt" count="9"/>
      <line num="36" type="stmt" count="9"/>
      <line num="37" type="stmt" count="9"/>
      <line num="39" type="method" name="configureOptions" visibility="public" complexity="1" crap="1" count="9"/>
      <line num="41" type="stmt" count="9"/>
      <line num="42" type="stmt" count="9"/>
      <line num="44" type="stmt" count="9"/>
      <metrics loc="45" ncloc="45" classes="1" methods="2" coveredmethods="2" conditionals="0" coveredconditionals="0" statements="10" coveredstatements="10" elements="12" coveredelements="12"/>
    </file>
    <file name="C:\Users\Benoit\Desktop\TodoList\src\Kernel.php">
      <class name="App\Kernel" namespace="global">
        <metrics complexity="4" methods="2" coveredmethods="0" conditionals="0" coveredconditionals="0" statements="13" coveredstatements="11" elements="15" coveredelements="11"/>
      </class>
      <line num="14" type="method" name="configureContainer" visibility="protected" complexity="2" crap="2.01" count="1"/>
      <line num="16" type="stmt" count="1"/>
      <line num="17" type="stmt" count="1"/>
      <line num="19" type="stmt" count="1"/>
      <line num="20" type="stmt" count="1"/>
      <line num="21" type="stmt" count="1"/>
      <line num="23" type="stmt" count="0"/>
      <line num="25" type="stmt" count="1"/>
      <line num="27" type="method" name="configureRoutes" visibility="protected" complexity="2" crap="2.02" count="1"/>
      <line num="29" type="stmt" count="1"/>
      <line num="30" type="stmt" count="1"/>
      <line num="32" type="stmt" count="1"/>
      <line num="33" type="stmt" count="1"/>
      <line num="35" type="stmt" count="0"/>
      <line num="37" type="stmt" count="1"/>
      <metrics loc="38" ncloc="38" classes="1" methods="2" coveredmethods="0" conditionals="0" coveredconditionals="0" statements="13" coveredstatements="11" elements="15" coveredelements="11"/>
    </file>
    <file name="C:\Users\Benoit\Desktop\TodoList\src\Repository\TaskRepository.php">
      <class name="App\Repository\TaskRepository" namespace="global">
        <metrics complexity="1" methods="1" coveredmethods="1" conditionals="0" coveredconditionals="0" statements="2" coveredstatements="2" elements="3" coveredelements="3"/>
      </class>
      <line num="17" type="method" name="__construct" visibility="public" complexity="1" crap="1" count="10"/>
      <line num="19" type="stmt" count="10"/>
      <line num="20" type="stmt" count="10"/>
      <metrics loc="50" ncloc="17" classes="1" methods="1" coveredmethods="1" conditionals="0" coveredconditionals="0" statements="2" coveredstatements="2" elements="3" coveredelements="3"/>
    </file>
    <file name="C:\Users\Benoit\Desktop\TodoList\src\Repository\UserRepository.php">
      <class name="App\Repository\UserRepository" namespace="global">
        <metrics complexity="3" methods="2" coveredmethods="1" conditionals="0" coveredconditionals="0" statements="8" coveredstatements="7" elements="10" coveredelements="8"/>
      </class>
      <line num="20" type="method" name="__construct" visibility="public" complexity="1" crap="1" count="35"/>
      <line num="22" type="stmt" count="35"/>
      <line num="23" type="stmt" count="35"/>
      <line num="28" type="method" name="upgradePassword" visibility="public" complexity="2" crap="2.02" count="1"/>
      <line num="30" type="stmt" count="1"/>
      <line num="31" type="stmt" count="0"/>
      <line num="34" type="stmt" count="1"/>
      <line num="35" type="stmt" count="1"/>
      <line num="36" type="stmt" count="1"/>
      <line num="37" type="stmt" count="1"/>
      <metrics loc="67" ncloc="31" classes="1" methods="2" coveredmethods="1" conditionals="0" coveredconditionals="0" statements="8" coveredstatements="7" elements="10" coveredelements="8"/>
    </file>
    <file name="C:\Users\Benoit\Desktop\TodoList\src\Security\UserAuthenticator.php">
      <class name="App\Security\UserAuthenticator" namespace="global">
        <metrics complexity="5" methods="4" coveredmethods="3" conditionals="0" coveredconditionals="0" statements="12" coveredstatements="11" elements="16" coveredelements="14"/>
      </class>
      <line num="27" type="method" name="__construct" visibility="public" complexity="1" crap="1" count="33"/>
      <line num="29" type="stmt" count="33"/>
      <line num="30" type="stmt" count="33"/>
      <line num="32" type="method" name="authenticate" visibility="public" complexity="1" crap="1" count="2"/>
      <line num="34" type="stmt" count="2"/>
      <line num="36" type="stmt" count="2"/>
      <line num="38" type="stmt" count="2"/>
      <line num="39" type="stmt" count="2"/>
      <line num="40" type="stmt" count="2"/>
      <line num="42" type="stmt" count="2"/>
      <line num="47" type="method" name="onAuthenticationSuccess" visibility="public" complexity="2" crap="2.15" count="1"/>
      <line num="49" type="stmt" count="1"/>
      <line num="50" type="stmt" count="0"/>
      <line num="54" type="stmt" count="1"/>
      <line num="57" type="method" name="getLoginUrl" visibility="protected" complexity="1" crap="1" count="21"/>
      <line num="59" type="stmt" count="21"/>
      <metrics loc="61" ncloc="60" classes="1" methods="4" coveredmethods="3" conditionals="0" coveredconditionals="0" statements="12" coveredstatements="11" elements="16" coveredelements="14"/>
    </file>
    <file name="C:\Users\Benoit\Desktop\TodoList\src\Security\Voter\TaskVoter.php">
      <class name="App\Security\Voter\TaskVoter" namespace="global">
        <metrics complexity="10" methods="5" coveredmethods="4" conditionals="0" coveredconditionals="0" statements="16" coveredstatements="14" elements="21" coveredelements="18"/>
      </class>
      <line num="18" type="method" name="__construct" visibility="public" complexity="1" crap="1" count="11"/>
      <line num="20" type="stmt" count="11"/>
      <line num="21" type="stmt" count="11"/>
      <line num="23" type="method" name="supports" visibility="protected" complexity="2" crap="2" count="11"/>
      <line num="27" type="stmt" count="11"/>
      <line num="28" type="stmt" count="11"/>
      <line num="31" type="method" name="voteOnAttribute" visibility="protected" complexity="5" crap="5.20" count="8"/>
      <line num="34" type="stmt" count="8"/>
      <line num="37" type="stmt" count="8"/>
      <line num="38" type="stmt" count="0"/>
      <line num="41" type="stmt" count="8"/>
      <line num="42" type="stmt" count="1"/>
      <line num="47" type="stmt" count="7"/>
      <line num="50" type="stmt" count="5"/>
      <line num="51" type="stmt" count="2"/>
      <line num="54" type="stmt" count="2"/>
      <line num="57" type="stmt" count="0"/>
      <line num="60" type="method" name="canEdit" visibility="private" complexity="1" crap="1" count="5"/>
      <line num="62" type="stmt" count="5"/>
      <line num="65" type="method" name="canDelete" visibility="private" complexity="1" crap="1" count="2"/>
      <line num="67" type="stmt" count="2"/>
      <metrics loc="69" ncloc="60" classes="1" methods="5" coveredmethods="4" conditionals="0" coveredconditionals="0" statements="16" coveredstatements="14" elements="21" coveredelements="18"/>
    </file>
    <metrics files="14" loc="1106" ncloc="909" classes="14" methods="64" coveredmethods="55" conditionals="0" coveredconditionals="0" statements="240" coveredstatements="213" elements="304" coveredelements="268"/>
  </project>
</coverage>
